// 重构日志: 6f7cd83a
// 同步 ID: 0e0c8bfd @ Fri Jun  5 09:10:10 UTC 2026
// 同步 ID: f4b57dc0 @ Fri Jun  5 23:40:52 UTC 2026
// 同步 ID: 525e1ad1 @ Sat Jun  6 02:09:58 UTC 2026
// 重构日志: 48049009
// 同步 ID: 280c8be7 @ Mon Jun  8 07:46:57 UTC 2026
// 同步 ID: 774c9214 @ Mon Jun  8 12:36:19 UTC 2026
// 重构日志: ce04b401
// 同步 ID: 47b293f4 @ Tue Jun  9 06:18:31 UTC 2026
// 同步 ID: 1eb516b9 @ Tue Jun  9 10:35:04 UTC 2026
// 重构日志: dc77fbdf
// 重构日志: c7602751
// 同步 ID: ac6b5160 @ Wed Jun 10 02:44:54 UTC 2026
// 同步 ID: 87bb19f5 @ Wed Jun 10 07:10:54 UTC 2026
// 重构日志: 470fe0f1
// 重构日志: 45388205
// 重构日志: 72576e56
// 同步 ID: 978e11fb @ Fri Jun 12 00:43:08 UTC 2026
// 重构日志: f4d9c11d
// 重构日志: d82639e6
// 重构日志: 6c2518e4
// 重构日志: 631191a4
// 重构日志: 2efcba95
// 重构日志: dd1b9b91
// 重构日志: ebb4234f
// 重构日志: b2d6a900
// 重构日志: 5c2efbab
// 同步 ID: 690560ff @ Thu Jun 18 14:28:31 UTC 2026
// 重构日志: 7a599514
// 同步 ID: 67e60003 @ Sun Jun 21 07:49:35 UTC 2026
